# JRE version: Java(TM) SE Runtime Environment (25.0.2+10) (build 25.0.2+10-LTS-69)
# Java VM: Java HotSpot(TM) 64-Bit Server VM (25.0.2+10-LTS-69, mixed mode, sharing, tiered, compressed oops, compressed class ptrs, g1 gc, windows-amd64)
GC Precious Log:
 CardTable entry size: 512
 Card Set container configuration: InlinePtr #cards 5 size 8 Array Of Cards #cards 10 size 36 Howl #buckets 4 coarsen threshold 1843 Howl Bitmap #cards 512 size 80 coarsen threshold 460 Card regions per heap region 1 cards per card region 2048
 CPUs: 8 total, 8 available
 Memory: 3838M
 Large Page Support: Disabled
 NUMA Support: Disabled
 Compressed Oops: Enabled (32-bit)
 Heap Region Size: 1M
 Heap Min Capacity: 8M
 Heap Initial Capacity: 60M
 Heap Max Capacity: 960M
 Pre-touch: Disabled
 Parallel Workers: 8
 Concurrent Workers: 2
 Concurrent Refinement Workers: 8
 Periodic GC: Disabled
Heap:
 garbage-first heap   total reserved 983040K, committed 63488K, used 15673K [0x00000000c4000000, 0x0000000100000000)
  region size 1024K, 15 young (15360K), 0 survivors (0K)
GC Heap Usage History (20 events):
Event: 276.365 {heap Before GC invocations=74 (full 0):
 garbage-first heap   total reserved 983040K, committed 63488K, used 38201K [0x00000000c4000000, 0x0000000100000000)
  region size 1024K, 36 young (36864K), 0 survivors (0K)
}
Event: 276.366 {heap After GC invocations=75 (full 0):
 garbage-first heap   total reserved 983040K, committed 63488K, used 1337K [0x00000000c4000000, 0x0000000100000000)
  region size 1024K, 0 young (0K), 0 survivors (0K)
}
Event: 278.596 {heap Before GC invocations=75 (full 0):
 garbage-first heap   total reserved 983040K, committed 63488K, used 38201K [0x00000000c4000000, 0x0000000100000000)
  region size 1024K, 36 young (36864K), 0 survivors (0K)
}
Event: 278.597 {heap After GC invocations=76 (full 0):
 garbage-first heap   total reserved 983040K, committed 63488K, used 1337K [0x00000000c4000000, 0x0000000100000000)
  region size 1024K, 0 young (0K), 0 survivors (0K)
}
Event: 280.864 {heap Before GC invocations=76 (full 0):
 garbage-first heap   total reserved 983040K, committed 63488K, used 38201K [0x00000000c4000000, 0x0000000100000000)
  region size 1024K, 36 young (36864K), 0 survivors (0K)
}
Event: 280.865 {heap After GC invocations=77 (full 0):
 garbage-first heap   total reserved 983040K, committed 63488K, used 1337K [0x00000000c4000000, 0x0000000100000000)
  region size 1024K, 0 young (0K), 0 survivors (0K)
}
Event: 283.097 {heap Before GC invocations=77 (full 0):
 garbage-first heap   total reserved 983040K, committed 63488K, used 38201K [0x00000000c4000000, 0x0000000100000000)
  region size 1024K, 36 young (36864K), 0 survivors (0K)
}
Event: 283.097 {heap After GC invocations=78 (full 0):
 garbage-first heap   total reserved 983040K, committed 63488K, used 1337K [0x00000000c4000000, 0x0000000100000000)
  region size 1024K, 0 young (0K), 0 survivors (0K)
}
Event: 285.242 {heap Before GC invocations=78 (full 0):
 garbage-first heap   total reserved 983040K, committed 63488K, used 38201K [0x00000000c4000000, 0x0000000100000000)
  region size 1024K, 36 young (36864K), 0 survivors (0K)
}
Event: 285.242 {heap After GC invocations=79 (full 0):
 garbage-first heap   total reserved 983040K, committed 63488K, used 1337K [0x00000000c4000000, 0x0000000100000000)
  region size 1024K, 0 young (0K), 0 survivors (0K)
}
Event: 287.464 {heap Before GC invocations=79 (full 0):
 garbage-first heap   total reserved 983040K, committed 63488K, used 38201K [0x00000000c4000000, 0x0000000100000000)
  region size 1024K, 36 young (36864K), 0 survivors (0K)
}
Event: 287.465 {heap After GC invocations=80 (full 0):
 garbage-first heap   total reserved 983040K, committed 63488K, used 1337K [0x00000000c4000000, 0x0000000100000000)
  region size 1024K, 0 young (0K), 0 survivors (0K)
}
Event: 289.770 {heap Before GC invocations=80 (full 0):
 garbage-first heap   total reserved 983040K, committed 63488K, used 38201K [0x00000000c4000000, 0x0000000100000000)
  region size 1024K, 36 young (36864K), 0 survivors (0K)
}
Event: 289.770 {heap After GC invocations=81 (full 0):
 garbage-first heap   total reserved 983040K, committed 63488K, used 1337K [0x00000000c4000000, 0x0000000100000000)
  region size 1024K, 0 young (0K), 0 survivors (0K)
}
Event: 292.191 {heap Before GC invocations=81 (full 0):
 garbage-first heap   total reserved 983040K, committed 63488K, used 38201K [0x00000000c4000000, 0x0000000100000000)
  region size 1024K, 36 young (36864K), 0 survivors (0K)
}
Event: 292.192 {heap After GC invocations=82 (full 0):
 garbage-first heap   total reserved 983040K, committed 63488K, used 1337K [0x00000000c4000000, 0x0000000100000000)
  region size 1024K, 0 young (0K), 0 survivors (0K)
}
Event: 294.780 {heap Before GC invocations=82 (full 0):
 garbage-first heap   total reserved 983040K, committed 63488K, used 38201K [0x00000000c4000000, 0x0000000100000000)
  region size 1024K, 36 young (36864K), 0 survivors (0K)
}
Event: 294.781 {heap After GC invocations=83 (full 0):
 garbage-first heap   total reserved 983040K, committed 63488K, used 1337K [0x00000000c4000000, 0x0000000100000000)
  region size 1024K, 0 young (0K), 0 survivors (0K)
}
Event: 303.340 {heap Before GC invocations=83 (full 0):
 garbage-first heap   total reserved 983040K, committed 63488K, used 38201K [0x00000000c4000000, 0x0000000100000000)
  region size 1024K, 36 young (36864K), 0 survivors (0K)
}
Event: 303.343 {heap After GC invocations=84 (full 0):
 garbage-first heap   total reserved 983040K, committed 63488K, used 1337K [0x00000000c4000000, 0x0000000100000000)
  region size 1024K, 0 young (0K), 0 survivors (0K)
}

